\BOOKMARK [0][-]{chapter.1}{\376\377\000I\000n\000t\000r\000o\000d\000u\000c\000c\000i\000\363}{}% 1
\BOOKMARK [1][-]{section.1.1}{\376\377\000T\000e\000m\000e\000s\000\040\000d\000e\000\040\000l\000e\000s\000\040\000r\000e\000u\000n\000i\000o\000n\000s}{chapter.1}% 2
\BOOKMARK [0][-]{chapter.2}{\376\377\000G\000e\000o\000m\000e\000t\000r\000i\000a\000\040\000d\000i\000f\000e\000r\000e\000n\000c\000i\000a\000l\000\040\000i\000\040\000s\000u\000a\000v\000i\000t\000a\000t}{}% 3
\BOOKMARK [1][-]{section.2.1}{\376\377\000I\000n\000t\000r\000o\000d\000u\000c\000c\000i\000\363\000\040\000a\000l\000\040\000c\000a\000p\000\355\000t\000o\000l}{chapter.2}% 4
\BOOKMARK [1][-]{section.2.2}{\376\377\000V\000a\000r\000i\000e\000t\000a\000t\000s\000\040\000t\000o\000p\000o\000l\000\362\000g\000i\000q\000u\000e\000s}{chapter.2}% 5
\BOOKMARK [1][-]{section.2.3}{\376\377\000E\000s\000t\000r\000u\000c\000t\000u\000r\000a\000\040\000s\000u\000a\000u}{chapter.2}% 6
\BOOKMARK [1][-]{section.2.4}{\376\377\000S\000u\000a\000v\000i\000t\000a\000t}{chapter.2}% 7
\BOOKMARK [2][-]{subsection.2.4.1}{\376\377\000C\000l\000a\000s\000s\000e\000s\000\040\000d\000e\000\040\000d\000i\000f\000e\000r\000e\000n\000c\000i\000a\000b\000i\000l\000i\000t\000a\000t\000\040\000c\000o\000m\000\040\000e\000s\000p\000a\000i\000s\000\040\000n\000o\000r\000m\000a\000t\000s}{section.2.4}% 8
\BOOKMARK [1][-]{section.2.5}{\376\377\000F\000o\000n\000a\000m\000e\000n\000t\000s\000\040\000d\000e\000\040\000g\000e\000o\000m\000e\000t\000r\000i\000a\000\040\000d\000i\000f\000e\000r\000e\000n\000c\000i\000a\000l}{chapter.2}% 9
\BOOKMARK [0][-]{chapter.3}{\376\377\000C\000i\000n\000t\000a\000\040\000d\000e\000\040\000M\000o\000e\000b\000i\000u\000s\000\040\000d\000e\000\040\000p\000a\000p\000e\000r\000\040\000\362\000p\000t\000i\000m\000a}{}% 10
\BOOKMARK [1][-]{section.3.1}{\376\377\000I\000n\000t\000r\000o\000d\000u\000c\000c\000i\000\363\000\040\000a\000l\000\040\000c\000a\000p\000\355\000t\000o\000l}{chapter.3}% 11
\BOOKMARK [2][-]{subsection.3.1.1}{\376\377\000I\000n\000t\000r\000o\000d\000u\000c\000c\000i\000\363\000\040\000a\000l\000\040\000p\000r\000o\000b\000l\000e\000m\000a}{section.3.1}% 12
\BOOKMARK [2][-]{subsection.3.1.2}{\376\377\000D\000e\000f\000i\000n\000i\000c\000i\000o\000n\000s}{section.3.1}% 13
\BOOKMARK [2][-]{subsection.3.1.3}{\376\377\000L\000e\000m\000e\000s\000\040\000a\000d\000d\000i\000c\000i\000o\000n\000a\000l\000s}{section.3.1}% 14
\BOOKMARK [0][-]{chapter.4}{\376\377\000T\000e\000o\000r\000e\000m\000a\000\040\000N\000a\000s\000h\000-\000K\000u\000i\000p\000e\000r\000\040\000C\0001}{}% 15
\BOOKMARK [1][-]{section.4.1}{\376\377\000I\000n\000t\000r\000o\000d\000u\000c\000c\000i\000\363\000\040\000a\000l\000\040\000c\000a\000p\000\355\000t\000o\000l}{chapter.4}% 16
\BOOKMARK [1][-]{section.4.2}{\376\377\000E\000n\000u\000n\000c\000i\000a\000t\000\040\000d\000e\000l\000s\000\040\000t\000e\000o\000r\000e\000m\000e\000s}{chapter.4}% 17
\BOOKMARK [1][-]{section.4.3}{\376\377\000D\000e\000m\000o\000s\000t\000r\000a\000c\000i\000\363}{chapter.4}% 18
\BOOKMARK [2][-]{subsection.4.3.1}{\376\377\000L\000a\000\040\000p\000e\000r\000t\000o\000r\000b\000a\000c\000i\000\363\000\040\000e\000n\000\040\000u\000n\000\040\000p\000a\000s}{section.4.3}% 19
\BOOKMARK [2][-]{subsection.4.3.2}{\376\377\000C\000o\000n\000v\000e\000r\000g\000\350\000n\000c\000i\000a\000\040\000d\000e\000l\000s\000\040\000p\000a\000s\000s\000o\000s\000\040\000e\000n\000\040\000u\000n\000a\000\040\000e\000t\000a\000p\000a}{section.4.3}% 20
\BOOKMARK [2][-]{subsection.4.3.3}{\376\377\000O\000r\000g\000a\000n\000i\000t\000z\000a\000c\000i\000\363\000\040\000g\000e\000n\000e\000r\000a\000l}{section.4.3}% 21
\BOOKMARK [2][-]{subsection.4.3.4}{\376\377\000C\000o\000n\000v\000e\000r\000g\000\350\000n\000c\000i\000a\000\040\000d\000e\000\040\000l\000a\000\040\000i\000m\000m\000e\000r\000s\000i\000\363}{section.4.3}% 22
\BOOKMARK [2][-]{subsection.4.3.5}{\376\377\000E\000n\000c\000a\000b\000i\000m\000e\000n\000t\000s\000\040\000i\000s\000o\000m\000\350\000t\000r\000i\000c\000s}{section.4.3}% 23
\BOOKMARK [2][-]{subsection.4.3.6}{\376\377\000O\000b\000t\000e\000n\000i\000n\000t\000\040\000l\000a\000\040\000i\000m\000m\000e\000r\000s\000i\000\363\000\040\000o\000\040\000l\000'\000e\000n\000c\000a\000b\000i\000m\000e\000n\000t\000\040\000i\000n\000i\000c\000i\000a\000l}{section.4.3}% 24
\BOOKMARK [1][-]{section.4.4}{\376\377\000E\000l\000\040\000r\000e\000f\000i\000n\000a\000m\000e\000n\000t\000\040\000d\000e\000\040\000K\000u\000i\000p\000e\000r}{chapter.4}% 25
\BOOKMARK [0][-]{chapter.5}{\376\377\000E\000n\000c\000a\000b\000i\000m\000e\000n\000t\000s\000\040\000i\000s\000o\000m\000\350\000t\000r\000i\000c\000s\000\040\000d\000e\000l\000\040\000t\000o\000r\000\040\000p\000l\000a}{}% 26
\BOOKMARK [1][-]{section.5.1}{\376\377\000I\000n\000t\000r\000o\000d\000u\000c\000c\000i\000\363\000\040\000a\000l\000\040\000c\000a\000p\000\355\000t\000o\000l}{chapter.5}% 27
\BOOKMARK [1][-]{section.5.2}{\376\377\000I\000n\000t\000e\000g\000r\000a\000c\000i\000\363\000\040\000c\000o\000n\000v\000e\000x\000a}{chapter.5}% 28
\BOOKMARK [2][-]{subsection.5.2.1}{\376\377\000I\000n\000t\000e\000g\000r\000a\000c\000i\000\363\000\040\000c\000o\000n\000v\000e\000x\000a\000\040\0001\000D}{section.5.2}% 29
\BOOKMARK [1][-]{section.5.3}{\376\377\000I\000n\000t\000e\000g\000r\000a\000c\000i\000\363\000\040\000c\000o\000n\000v\000e\000x\000a\000\040\0002\000D\000:\000\040\000e\000l\000\040\000c\000a\000s\000\040\000p\000r\000i\000m\000i\000t\000i\000u}{chapter.5}% 30
\BOOKMARK [2][-]{subsection.5.3.1}{\376\377\000I\000n\000t\000e\000g\000r\000a\000c\000i\000\363\000\040\000c\000o\000n\000v\000e\000x\000a\000\040\000d\000e\000l\000\040\000c\000i\000l\000i\000n\000d\000r\000e\000\040\000C\000i\000l}{section.5.3}% 31
\BOOKMARK [0][-]{chapter.6}{\376\377\000A\000p\000u\000n\000t\000s\000\040\000d\000'\000i\000n\000t\000e\000g\000r\000a\000c\000i\000\363\000\040\000c\000o\000n\000v\000e\000x\000a}{}% 32
\BOOKMARK [1][-]{section.6.1}{\376\377\000D\000i\000a\000\040\0001}{chapter.6}% 33
\BOOKMARK [1][-]{section.6.2}{\376\377\000D\000i\000a\000\040\0002}{chapter.6}% 34
\BOOKMARK [1][-]{section.6.3}{\376\377\000D\000i\000a\000\040\0003}{chapter.6}% 35
\BOOKMARK [1][-]{section.6.4}{\376\377\000D\000i\000a\000\040\0004}{chapter.6}% 36
\BOOKMARK [1][-]{section.6.5}{\376\377\000A\000p\000u\000n\000t\000s\000\040\000d\000e\000l\000\040\000p\000a\000p\000e\000r\000\040\000d\000e\000\040\000N\000a\000s\000h\000\040\000d\000e\000l\000\040\0001\0009\0005\0004}{chapter.6}% 37
\BOOKMARK [1][-]{section.6.6}{\376\377\000E\000x\000p\000l\000i\000c\000a\000c\000i\000\363\000\040\000d\000e\000l\000\040\000S\000u\000n\000g\000-\000J\000i\000n\000\040\000O\000h}{chapter.6}% 38
\BOOKMARK [2][-]{subsection.6.6.1}{\376\377\000E\000x\000t\000e\000n\000s\000i\000o\000n\000s}{section.6.6}% 39
\BOOKMARK [0][-]{chapter.7}{\376\377\000C\000o\000n\000c\000l\000u\000s\000i\000o\000n\000s}{}% 40
